make.exe all --print-data-base --no-builtin-variables --no-builtin-rules --question
# GNU Make 3.82.90
# Built for i686-pc-mingw32
# Copyright (C) 1988-2012 Free Software Foundation, Inc.
# License GPLv3+: GNU GPL version 3 or later <http://gnu.org/licenses/gpl.html>
# This is free software: you are free to change and redistribute it.
# There is NO WARRANTY, to the extent permitted by law.
 

# Make data base, printed on Fri Jul 22 18:08:35 2022

# Variables

# automatic
<D = $(patsubst %/,%,$(patsubst %\,%,$(dir $<)))
# automatic
?F = $(notdir $?)
# environment
GPA_MONITOR_MEMORY_NAME = {4DB91066-DA48-4467-AC24-8002BD3D4E0B}0
# default
.SHELLFLAGS := -c
# makefile
MAKEFLAGS = Rrqp
# environment
SOS_INSTALL_DIR = C:\Program Files\ANSYS Inc\v221\optiSLang\sos
# environment
VTUNE_PROFILER_2022_DIR = C:\Program Files (x86)\Intel\oneAPI\vtune\2022.2.0
# environment
VS2022INSTALLDIR = C:\Program Fil 
es\Microsoft Visual Studio\2022\Professional
# environment
PLATFORMIO_IDE = 2.5.0
# automatic
@D = $(patsubst %/,%,$(patsubst %\,%,$(dir $@)))
# environment
HOMEDRIVE = C:
# automatic
@F = $(notdir $@)
# automatic
^D = $(patsubst %/,%,$(patsubst %\,%,$(dir $^)))
# makefile
CURDIR := e:/Git/C++ Primer
# default
SHELL := sh.exe
# environment
CLION = E:\Jetbrains\CLion 2022.1.2\bin;
# environment
WINDIR = C:\Windows
# environment
VSCODE_NLS_CONFIG = {"locale":"zh-cn","availableLanguages":{"*":"zh-cn"},"_languagePackId":"1d735750dbb1b9066c7513078396ba0f.zh-cn","_translationsConfigFile":"C:\\Users\\Chenjiefeng\\AppData\\Roaming\\Code\\clp\\1d735750dbb1b9066c7513078396ba0f.zh-cn\\tcf.json","_cacheRoot":"C:\\Users\\Chenjiefeng\\AppData\\Roaming\\Code\\clp\\1d735750dbb1b9066c7513078396ba0f.zh-cn","_resolvedLanguagePackCoreLocation":"C:\\Users\\Chenjiefeng\\AppData\\Roaming\\Code\\clp\\1d735750dbb1b9066c7513078396ba0f.zh-cn\\3b889b090b5ad5793f524b5d1d39fda662b96a2a","_corruptedFile":"C:\\Users\\Chenjiefeng\\AppData\\Roaming\\Code\\clp\\1d735750dbb1b9066c7513078396ba0f.zh-cn\\corrupted.info","_languagePackSupport":true}
# environment
VBOX_MSI_INSTALL_PATH = E:\Virtual Box\
# environment
ONEDRIVE = E:\Onedrive\TSCN\OneDrive - TSCN
# automatic
?D = $(patsubst %/,%,$(patsubst %\,%,$(dir $?)))
# environment
PATHEXT = .COM;.EXE;.BAT;.CMD;.VBS;.VBE;.JS;.JSE;.WSF;.WSH;.MSC;.PY;.PYW
# makefile
MAKEFILE_LIST := 
# environment
ICEMCFD_SYSDIR = win64_amd
# environment
TMP = C:\Users\CHENJI~1\AppData\Local\Temp
# environment
WEBSTORM = E:\Jetbrains\WebStorm 2022.1.2\bin;
# environment
PROGRAMW6432 = C:\Program Files
# environment
ONEDRIVECOMMERCIAL = E:\Onedrive\TSCN\OneDrive - TSCN
# environment
PROGRAMDATA = C:\ProgramData
# environment
SOS_DEBUG_EXE = C:\Program Files\ANSYS Inc\v221\optiSLang\sos\sos_console.exe
# environment
VSCODE_CWD = C:\Users\Chenjiefeng\AppData\Local\Programs\Microsoft VS Code
# environment
NO_PROXY = 127.0.0.1
# environment
ANALYSIS_PATH = E:\loadrunner\
# environment
LOG_FILE = C:\Users\CHENJI~1\AppData\Local\Temp\ihp_custom_batches.log
# environment
COMMONPROGRAMW6432 = C:\Program Files\Common Files
# environment
ZES_ENABLE_SYSMAN = 1
# environment
ANSYS221_DIR = C:\Program Files\ANSYS Inc\v221\ANSYS
# environment
NIEXTCCOMPILERSUPP = C:\Program Files (x86)\National Instruments\Shared\ExternalCompilerSupport\C\
# environment
CHOCOLATEYLASTPATHUPDATE = 132995967030886428
# environment
PROCESSOR_ARCHITECTURE = x86
# environment
USERPROFILE = C:\Users\Chenjiefeng
# environment
CHOCOLATEYINSTALL = C:\ProgramData\chocolatey
# environment
C++_COMPILER_PATH = C:\MinGW\bin;D:\LLVM\bin;
# environment
LOGGER_CONFIG_PATH = E:\loadrunner\dat\ltlogconf.xml
# environment
ALLUSERSPROFILE = C:\ProgramData
# environment
GOPATH = C:\Users\Chenjiefeng\go
# environment
ONEAPI_ROOT = C:\Program Files (x86)\Intel\oneAPI\
# environment
NUMBER_OF_PROCESSORS = 20
# environment
ELECTRON_RUN_AS_NODE = 1
# default
.FEATURES := target-specific order-only second-expansion else-if shortest-stem undefine oneshell archives jobserver
# environment
NVTOOLSEXT_PATH = C:\Program Files\NVIDIA Corporation\NvToolsExt\
# environment
PHPSTORM = E:\Jetbrains\PhpStorm 2022.1.2\bin;
# environment
INTELLIJ IDEA = E:\Jetbrains\IntelliJ IDEA 2022.1.2\bin;
# automatic
%F = $(notdir $%)
# environment
I_MPI_ONEAPI_ROOT = C:\Program Files (x86)\Intel\oneAPI\mpi\2021.6.0
# environment
CHROME_CRASHPAD_PIPE_NAME = \\.\pipe\crashpad_26804_FLDYAXRLHYLEGZER
# environment
FTP_PASSIVE = 1
# environment
COMPUTERNAME = ADMINISTRATOR
# environment
PROGRAMFILES = C:\Program  
Files (x86)
# environment
GOLAND = E:\Jetbrains\GoLand 2022.1.2\bin;
# environment
DRIVERDATA = C:\Windows\System32\Drivers\DriverData
# environment
ORIGINAL_XDG_CURRENT_DESKTOP = undefined
# environment
USERNAME = Chenjiefeng
# environment
PUBLIC = C:\Users\Public
# environment
VSCODE_AMD_ENTRYPOINT = vs/workbench/api/node/extensionHostProcess
# environment
DATASPELL = E:\Jetbrains\DataSpell 2022.1.2\bin;
# environment
LSTC_LICENSE = Ansys
# environment
AWP_ROOT221 = C:\Program Files\ANSYS Inc\v221
# environment
VSCODE_CODE_CACHE_PATH = C:\Users\Chenjiefeng\AppData\Roaming\Code\CachedData\3b889b090b5ad5793f524b5d1d39fda662b96a2a
# environment
APPLICATION_INSIGHTS_NO_DIAGNOSTIC_CHANNEL = true
# environment
COMMONPROGRAMFILES = C:\Program Files (x86)\Common Files
# environment
LOGONSERVER = \\ADMINISTRATOR
# environment
ONEDRIVECONSUMER = E:\Onedrive\Chenjiefeng\OneDrive
# environment
VSCODE_HANDLES_UNCAUGHT_ERRORS = true
# environment
USERDOMAIN = ADMINISTRATOR
# environment
MIC_LD_LIBRARY_PATH = C:\Program Files (x86)\Common Files\Intel\Shared Libraries\compiler\lib\mic
# environment
MAKELEVEL := 0
# environment
PLATFORMIO_PATH = C:\Users\Chenjiefeng\.platformio\penv\Scripts;C:\Users\Chenjiefeng\.platformio\penv;C:\Users\Chenjiefeng\.platformio\python3;C:\Users\Chenjiefeng\AppData\Local\Programs\Python\Python310\Scripts\;C:\Users\Chenjiefeng\AppData\Local\Programs\Python\Python310\;C:\Program Files (x86)\Common Files\Oracle\Java\javapath;C:\Program Files (x86)\Intel\oneAPI\tbb\latest\redist\intel64\vc_mt\;C:\Program Files (x86)\Intel\oneAPI\tbb\latest\redist\ia32\vc_mt\;C:\Program Files (x86)\Intel\oneAPI\compiler\latest\windows\redist\intel64_win\compiler;C:\Program Files (x86)\Intel\oneAPI\compiler\latest\windows\redist\ia32_win\compiler;C:\Program Files (x86)\VMware\VMware Workstation\bin\;C:\Program Files (x86)\Common Files\Intel\Shared Libraries\redist\intel64\compiler;C:\Program Files\NVIDIA GPU Computing Toolkit\CUDA\v11.7\bin;C:\Program Files\NVIDIA GPU Computing Toolkit\CUDA\v11.7\libnvvp;C:\Program Files\Microsoft\jdk-11.0.12.7-hotspot\bin;C:\Program Files\PlasticSCM5\server;C:\Program Files\PlasticSCM5\client;C:\Windows\system32;C:\Windows;C:\Windows\System32\Wbem;C:\Windows\System32\WindowsPowerShell\v1.0\;C:\Windows\System32\OpenSSH\;C:\Program Files (x86)\NVIDIA Corporation\PhysX\Common;C:\Program Files\NVIDIA Corporation\NVIDIA NvDLISR;C:\Program Files\Microsoft SQL Server\150\Tools\Binn\;C:\Program Files\Microsoft SQL Server\Client SDK\ODBC\170\Tools\Binn\;C:\Program Files\NVIDIA Corporation\Nsight Compute 2022.2.0\;C:\MinGW\bin;C:\x86_64-12.1.0-release-posix-seh-rt_v10-rev3\mingw64\bin;D:\LLVM\bin;E:\Matlab\runtime\win64;E:\Matlab\bin;C:\Program Files\Git\cmd;C:\Program Files (x86)\Calibre2\;C:\Program Files (x86)\National Instruments\Shared\LabVIEW CLI;C:\strawberry\c\bin;C:\strawberry\perl\bin;C:\Program Files\Wolfram Research\WolframScript\;D:\jdk-20;D:\Nodejs\;C:\ProgramData\chocolatey\bin;D:\Nodejs\node_modules;D:\QEMU;C:\Program Files\CMake\bin;C:\Program Files\dotnet\;C:\Program Files\Docker\Docker\resources\bin;C:\ProgramData\DockerDesktop\version-bin;C:\Program Files\Go\bin;C:\Users\Chenjiefeng\.cargo\bin;C:\Users\Chenjiefeng\.cargo\bin;C:\Users\Chenjiefeng\AppData\Local\Microsoft\WindowsApps;;C:\Users\Chenjiefeng\AppData\Local\Programs\Microsoft VS Code\bin;C:\Users\Chenjiefeng\AppData\Local\Programs\Fiddler;E:\texlive\2022\bin\win32;E:\Jetbrains\CLion 2022.1.2\bin;;E:\Jetbrains\DataGrip 2022.1.5\bin;;E:\Jetbrains\DataSpell 2022.1.2\bin;;E:\Jetbrains\GoLand 2022.1.2\bin;;E:\Jetbrains\IntelliJ IDEA 2022.1.2\bin;;E:\Jetbrains\JetBrains Rider 2022.1.2\bin;;E:\Jetbrains\PyCharm 2022.1.2\bin;;E:\Jetbrains\PhpStorm 2022.1.2\bin;;E:\Jetbrains\RubyMine 2022.1.2\bin;;E:\Jetbrains\WebStorm 2022.1.2\bin;;C:\Users\Chenjiefeng\AppData\Roaming\npm;C:\Users\Chenjiefeng\.dotnet\tools;C:\Users\Chenjiefeng\go\bin;C:\Users\Chenjiefeng\AppData\Local\Programs\Python\Python310\Scripts\;C:\Users\Chenjiefeng\AppData\Local\Programs\Python\Python310\;C:\Program Files (x86)\Common Files\Oracle\Java\javapath;C:\Program Files (x86)\Intel\oneAPI\tbb\latest\redist\intel64\vc_mt\;C:\Program Files (x86)\Intel\oneAPI\tbb\latest\redist\ia32\vc_mt\;C:\Program Files (x86)\Intel\oneAPI\compiler\latest\windows\redist\intel64_win\compiler;C:\Program Files (x86)\Intel\oneAPI\compiler\latest\windows\redist\ia32_win\compiler;C:\Program Files (x86)\VMware\VMware Workstation\bin\;C:\Program Files (x86)\Common Files\Intel\Shared Libraries\redist\intel64\compiler;C:\Program Files\NVIDIA GPU Computing Toolkit\CUDA\v11.7\bin;C:\Program Files\NVIDIA GPU Computing Toolkit\CUDA\v11.7\libnvvp;C:\Program Files\Microsoft\jdk-11.0.12.7-hotspot\bin;C:\Program Files\PlasticSCM5\server;C:\Program Files\PlasticSCM5\client;C:\Windows\system32;C:\Windows;C:\Windows\System32\Wbem;C:\Windows\System32\WindowsPowerShell\v1.0\;C:\Windows\System32\OpenSSH\;C:\Program Files (x86)\NVIDIA Corporation\PhysX\Common;C:\Program Files\NVIDIA Corporation\NVIDIA NvDLISR;C:\Program Files\Microsoft SQL Server\150\Tools\Binn\;C:\Program Files\Microsoft SQL Server\Client SDK\ODBC\170\Tools\Binn\;C:\Program Files\NVIDIA Corporation\Nsight Compute 2022.2.0\;C:\MinGW\bin;C:\x86_64-12.1.0-release-posix-seh-rt_v10-rev3\mingw64\bin;D:\LLVM\bin;E:\Matlab\runtime\win64;E:\Matlab\bin;C:\Program Files\Git\cmd;C:\Program Files (x86)\Calibre2\;C:\Program Files (x86)\National Instruments\Shared\LabVIEW CLI;C:\strawberry\c\bin;C:\strawberry\perl\bin;C:\Program Files\Wolfram Research\WolframScript\;D:\jdk-20;D:\Nodejs\;C:\ProgramData\chocolatey\bin;D:\Nodejs\node_modules;D:\QEMU;C:\Program Files\CMake\bin;C:\Program Files\dotnet\;C:\Program Files\Docker\Docker\resources\bin;C:\ProgramData\DockerDesktop\version-bin;C:\Program Files\Go\bin;C:\Users\Chenjiefeng\.cargo\bin;C:\Users\Chenjiefeng\.cargo\bin;C:\Users\Chenjiefeng\AppData\Local\Microsoft\WindowsApps;;C:\Users\Chenjiefeng\AppData\Local\Programs\Microsoft VS Code\bin;C:\Users\Chenjiefeng\AppData\Local\Programs\Fiddler;E:\texlive\2022\bin\win32;E:\Jetbrains\CLion 2022.1.2\bin;;E:\Jetbrains\DataGrip 2022.1.5\bin;;E:\Jetbrains\DataSpell 2022.1.2\bin;;E:\Jetbrains\GoLand 2022.1.2\bin;;E:\Jetbrains\IntelliJ IDEA 2022.1.2\bin;;E:\Jetbrains\JetBrains Rider 2022.1.2\bin;;E:\Jetbrains\PyCharm 2022.1.2\bin;;E:\Jetbrains\PhpStorm 2022.1.2\bin;;E:\Jetbrains\RubyMine 2022.1.2\bin;;E:\Jetbrains\WebStorm 2022.1.2\bin;;C:\Users\Chenjiefeng\AppData\Roaming\npm;C:\Users\Chenjiefeng\.dotnet\tools;C:\Users\Chenjiefeng\go\bin
# default
MAKE = $(MAKE_COMMAND)
# default
MAKECMDGOALS := all
# environment
PATH = C:\Users\Chenjiefeng\AppData\Local\Programs\Python\Python310\Scripts\;C:\Users\Chenjiefeng\AppData\Local\Programs\Python\Python310\;C:\Program Files (x86)\Common Files\Oracle\Java\javapath;C:\Program Files (x86)\Intel\oneAPI\tbb\latest\redist\intel64\vc_mt\;C:\Program Files (x86)\Intel\oneAPI\tbb\latest\redist\ia32\vc_mt\;C:\Program Files (x86)\Intel\oneAPI\compiler\latest\windows\redist\intel64_win\compiler;C:\Program Files (x86)\Intel\oneAPI\compiler\latest\windows\redist\ia32_win\compiler;C:\Program Files (x86)\VMware\VMware Workstation\bin\;C:\Program Files (x86)\Common Files\Intel\Shared Libraries\redist\intel64\compiler;C:\Program Files\NVIDIA GPU Computing Toolkit\CUDA\v11.7\bin;C:\Program Files\NVIDIA GPU Computing Toolkit\CUDA\v11.7\libnvvp;C:\Program Files\Microsoft\jdk-11.0.12.7-hotspot\bin;C:\Program Files\PlasticSCM5\server;C:\Program Files\PlasticSCM5\client;C:\Windows\system32;C:\Windows;C:\Windows\System32\Wbem;C:\Windows\System32\WindowsPowerShell\v1.0\;C:\Windows\System32\OpenSSH\;C:\Program Files (x86)\NVIDIA Corporation\PhysX\Common;C:\Program Files\NVIDIA Corporation\NVIDIA NvDLISR;C:\Program Files\Microsoft SQL Server\150\Tools\Binn\;C:\Program Files\Microsoft SQL Server\Client SDK\ODBC\170\Tools\Binn\;C:\Program Files\NVIDIA Corporation\Nsight Compute 2022.2.0\;C:\MinGW\bin;C:\x86_64-12.1.0-release-posix-seh-rt_v10-rev3\mingw64\bin;D:\LLVM\bin;E:\Matlab\runtime\win64;E:\Matlab\bin;C:\Program Files\Git\cmd;C:\Program Files (x86)\Calibre2\;C:\Program Files (x86)\National Instruments\Shared\LabVIEW CLI;C:\strawberry\c\bin;C:\strawberry\perl\bin;C:\Program Files\Wolfram Research\WolframScript\;D:\jdk-20;D:\Nodejs\;C:\ProgramData\chocolatey\bin;D:\Nodejs\node_modules;D:\QEMU;C:\Program Files\CMake\bin;C:\Program Files\dotnet\;C:\Program Files\Docker\Docker\resources\bin;C:\ProgramData\DockerDesktop\version-bin;C:\Program Files\Go\bin;C:\Users\Chenjiefeng\.cargo\bin;C:\Users\Chenjiefeng\.cargo\bin;C:\Users\Chenjiefeng\AppData\Local\Microsoft\WindowsApps;;C:\Users\Chenjiefeng\AppData\Local\Programs\Microsoft VS Code\bin;C:\Users\Chenjiefeng\AppData\Local\Programs\Fiddler;E:\texlive\2022\bin\win32;E:\Jetbrains\CLion 2022.1.2\bin;;E:\Jetbrains\DataGrip 2022.1.5\bin;;E:\Jetbrains\DataSpell 2022.1.2\bin;;E:\Jetbrains\GoLand 2022.1.2\bin;;E:\Jetbrains\IntelliJ IDEA 2022.1.2\bin;;E:\Jetbrains\JetBrains Rider 2022.1.2\bin;;E:\Jetbrains\PyCharm 2022.1.2\bin;;E:\Jetbrains\PhpStorm 2022.1.2\bin;;E:\Jetbrains\RubyMine 2022.1.2\bin;;E:\Jetbrains\WebStorm 2022.1.2\bin;;C:\Users\Chenjiefeng\AppData\Roaming\npm;C:\Users\Chenjiefeng\.dotnet\tools;C:\Users\Chenjiefeng\go\bin
# environment
ARTWORK_LICENSE_FILE = C:\Program Files\ANSYS Inc\ARTWORK_SSQ.dat
# environment
CURR_DIR = E:\loadrunner\dat\Setup\LoadRunner\MSBuild\..\..\..\..
# environment
OMP_NUM_THREADS = 20
# environment
P_SCHEMA = C:\Program Files\ANSYS Inc\v221\AISOL\CADIntegration\Parasolid\PSchema
# default
MAKE_VERSION := 3.82.90
# makefile
.DEFAULT_GOAL := 
# environment
LR_PATH = E:\loadrunner\
# environment
PROGRAMFILES(X86) = C:\Program Files (x86)
# environment
TARGETDIR = E:\loadrunner\dat\Setup\LoadRunner\MSBuild\..\..\..\..
# automatic
%D = $(patsubst %/,%,$(patsubst %\,%,$(dir $%)))
# environment
SOS_EXE = C:\Program Files\ANSYS Inc\v221\optiSLang\sos\sos.exe
# environment
LOCALAPPDATA = C:\Users\Chenjiefeng\AppData\Local
# environment
PSMODULEPATH = C:\Program Files\WindowsPowerShell\Modules;C:\Windows\system32\WindowsPowerShell\v1.0\Modules
# default
MAKE_COMMAND := make.exe
# environment
PROCESSOR_ARCHITEW6432 = AMD64
# default
.VARIABLES := 
# automatic
*F = $(notdir $*)
# environment
NODE_PATH = D 
:\Nodejs\node_modules
# environment
PROCESSOR_IDENTIFIER = Intel64 Family 6 Model 154 Stepping 3, GenuineIntel
# environment
OS = Windows_NT
# environment
VSCODE_IPC_HOOK = \\.\pipe\a626a3f705a4e6895963f66fb57646e4-1.69.2-main-sock
# environment
HOMEPATH = \Users\Chenjiefeng
# environment
COMMONPROGRAMFILES(X86) = C:\Program Files (x86)\Common Files
# environment
PROMPT = $P$G
# environment
MFLAGS = -Rrqp
# automatic
*D = $(patsubst %/,%,$(patsubst %\,%,$(dir $*)))
# environment
INTEL_DEV_REDIST = C:\Program Files (x86)\Common Files\Intel\Shared Libraries\
# environment
SYSTEMROOT = C:\Windows
# automatic
+D = $(patsubst %/,%,$(patsubst %\,%,$(dir $+)))
# automatic
+F = $(notdir $+)
# default
SUFFIXES := 
# environment
APPDATA = C:\Users\Chenjiefeng\AppData\Roaming
# environment
TEMP = C:\Users\CHENJI~1\AppData\Local\Temp
# environment
COMSPEC = C:\Windows\system32\cmd.exe
# environment
ADVISOR_2022_DIR = C:\Program Files (x86)\Intel\oneAPI\advisor\2022.1.0
# default
MAKEFILES := 
# environment
MONITOR_ADDRESS = localhost:12721
# automatic
<F = $(notdir $<)
# environment
PLATFORMIO_CALLER = vscode
# environment
ICEMCFD_ROOT221 = C:\Program Files\ANSYS Inc\v221\icemcfd
# automatic
^F = $(notdir $^)
# environment
LG_PATH = E:\loadrunner\
# environment
LC_ALL = C
# environment
DATAGRIP = E:\Jetbrains\DataGrip 2022.1.5\bin;
# environment
VUGEN_PATH = E:\loadrunner\
# environment
CADOE_LIBDIR221 = C:\Program Files\ANSYS Inc\v221\CommonFiles\Language\en-us
# environment
AWP_LOCALE221 = en-us
# environment
SYSTEMFOLDER_OMRON = C:\Windows\SysWOW64\Omron\
# environment
CUDA_PATH = C:\Program Files\NVIDIA GPU Computing Toolkit\CUDA\v11.7
# environment
RUBYMINE = E:\Jetbrains\RubyMine 2022.1.2\bin;
# environment
JETBRAINS RIDER = E:\Jetbrains\JetBrains Rider 2022.1.2\bin;
# environment
SYSTEMDRIVE = C:
# environment
SESSIONNAME = Console
# environment
PROCESSOR_REVISION = 9a03
# environment
PYCHARM = E:\Jetbrains\PyCharm 2022.1.2\bin;
# default
.INCLUDE_DIRS = C:/MinGW/include
# default
.RECIPEPREFIX := 
# environment
CUDA_ 
PATH_V11_7 = C:\Program Files\NVIDIA GPU Computing Toolkit\CUDA\v11.7
# environment
LANG = C
# environment
PROCESSOR_LEVEL = 6
# environment
TERM = dumb
# environment
VSCODE_PID = 26804
# environment
LR_ROOT = E:\loadrunner\
# environment
EXTRACTPATH = E:\loadrunner\dat\Setup\LoadRunner\MSBuild\..\..\..\..
# environment
USERDOMAIN_ROAMINGPROFILE = ADMINISTRATOR
# variable set hash-table stats:
# Load=146/1024=14%, Rehash=0, Collisions=24/162=15%

# Pattern-specific Variable Values

# No pattern-specific variable values.

# Directories

# : could not be stat'd.
# C:\ProgramData\DockerDesktop\version-bin: could not be stat'd.
# C:\Users\Chenjiefeng\AppData\Local\Programs\Microsoft VS Code\bin (key C:/Users/Chenjiefeng/AppData/Local/Programs/Microsoft VS Code/bin, mtime 1658299446): 4 files, no impossibilities.
# C:\Program Files\PlasticSCM5\client (key C:/Program Files/PlasticSCM5/client, mtime 1654321657): 248 files, no impossibilities.
# E:\Jetbrains\RubyMine 2022.1.2\bin (key E:/Jetbrains/RubyMine 2022.1.2/b 
in, mtime 1654666713): 28 files, no impossibilities.
# C:\Users\Chenjiefeng\AppData\Local\Programs\Python\Python310\ (key C:/Users/Chenjiefeng/AppData/Local/Programs/Python/Python310/, mtime 1655123250): 17 files, no impossibilities.
# C:\Program Files (x86)\Intel\oneAPI\compiler\latest\windows\redist\intel64_win\compiler (key C:/Program Files (x86)/Intel/oneAPI/compiler/latest/windows/redist/intel64_win/compiler, mtime 1654513972): 16 files, no impossibilities.
# C:\Program Files\NVIDIA Corporation\NVIDIA NvDLISR (key C:/Program Files/NVIDIA Corporation/NVIDIA NvDLISR, mtime 1651134524): 5 files, no impossibilities.
# D:\Nodejs\ (key D:/Nodejs/, mtime 1655126193): 17 files, no impossibilities.
# C:\Users\Chenjiefeng\AppData\Local\Programs\Python\Python310\Scripts\: could not be stat'd.
# C:\Program Files (x86)\Intel\oneAPI\tbb\latest\redist\ia32\vc_mt\ (key C:/Program Files (x86)/Intel/oneAPI/tbb/latest/redist/ia32/vc_mt/, mtime 1654513589): 28 files, no impossibilities.
# C:\Users\Chenjiefeng\go\bin: could not be stat'd.
# E:\Jetbrains\DataGrip 2022.1.5\bin (key E:/Jetbrains/DataGrip 2022.1.5/bin, mtime 1654664466): 28 files, no impossibilities.
# C:\Program Files\NVIDIA GPU Computing Toolkit\CUDA\v11.7\bin (key C:/Program Files/NVIDIA GPU Computing Toolkit/CUDA/v11.7/bin, mtime 1654330753): 45 files, no impossibilities.
# C:\Windows\System32\WindowsPowerShell\v1.0\ (key C:/Windows/System32/WindowsPowerShell/v1.0/, mtime 1654416686): 32 files, no impossibilities.
# C:\Users\Chenjiefeng\AppData\Local\Programs\ 
Fiddler (key C:/Users/Chenjiefeng/AppData/Local/Programs/Fiddler, mtime 1654509261): 38 files, no impossibilities.
# . (key e:/Git/C++ Primer, mtime 1658483406): 14 files, no impossibilities.
# C:\Program Files\Microsoft SQL Server\Client SDK\ODBC\170\Tools\Binn\ (key C:/Program Files/Microsoft SQL Server/Client SDK/ODBC/170/Tools/Binn/, mtime 1657261696): 7 files, no impossibilities.
# C:\Program Files (x86)\Common Files\Oracle\Java\javapath (key C:/Program Files (x86)/Common Files/Oracle/Java/javapath, mtime 1655121844): 5 files, no impossibilities.
# C:\Program Files\Microsoft SQL Server\150\Tools\Binn\ (key C:/Program Files/Microsoft SQL Server/150/Tools/Binn/, mtime 1657261690): 4 files, no impossibilities.
# E:\Jetbrains\WebStorm 2022.1.2\bin (key E:/Jetbrains/WebStorm 2022.1.2/bin, mtime 1654666817): 28 files, no impossibilities.
# E:\texlive\2022\bin\win32 (key E:/texlive/2022/bin/win32, mtime 1654509446): 554 files, no impossibilities.
# E:\Matlab\runtime\win64 (key E:/Matlab/runtime/win64, mtime 165 
4498476): 10 files, no impossibilities.
# E:\Jetbrains\PyCharm 2022.1.2\bin (key E:/Jetbrains/PyCharm 2022.1.2/bin, mtime 1654666483): 28 files, no impossibilities.
# C:\Program Files\Docker\Docker\resources\bin (key C:/Program Files/Docker/Docker/resources/bin, mtime 1656157039): 13 files, no impossibilities.
# C:\Program Files\Git\cmd (key C:/Program Files/Git/cmd, mtime 1654502298): 8 files, no impossibilities.
# C:\Windows\System32\OpenSSH\: could not be stat'd.
# C:\MinGW\bin (key C:/MinGW/bin, mtime 1 
657264452): 147 files, no impossibilities.
# C:\Users\Chenjiefeng\.dotnet\tools: could not be stat'd.
# C:\Program Files (x86)\Intel\oneAPI\tbb\latest\redist\intel64\vc_mt\ (key C:/Program Files (x86)/Intel/oneAPI/tbb/latest/redist/intel64/vc_mt/, mtime 1654513589): 28 files, no impossibilities.
# C:\Program Files\CMake\bin (key C:/Program Files/CMake/bin, mtime 1655738676): 7 files, no impossibilities.
# C:\Program Files (x86)\NVIDIA Corporation\PhysX\Common (key C:/Program Files (x86)/NVIDIA Corporation/PhysX/Common, mtime 1651134409): 10 files, no impossibilities.
# E:\Jetbrains\DataSpell 2022.1.2\bin (key E:/Jetbrains/DataSpell 2022.1.2/bin, mtime 1654664563): 28 files, no impossibilities.
# E:\Jetbrains\GoLand 2022.1.2\bin (key E:/Jetbrains/GoLand 2022.1.2/bin, mtime 1654664656): 28 files, no impossibilities.
# C:\Program Files\NVIDIA Corporation\Nsight Compute 2022.2.0\ (key C:/Program Files/NVIDIA Corporation/Nsight Compute 2022.2.0/, mtime 1654329366): 12 files, no impossibilities.
# C:\strawberry\c\b 
in (key C:/strawberry/c/bin, mtime 1655050052): 68 files, no impossibilities.
# C:\Program Files (x86)\National Instruments\Shared\LabVIEW CLI (key C:/Program Files (x86)/National Instruments/Shared/LabVIEW CLI, mtime 1654741081): 6 files, no impossibilities.
# C:\Program Files (x86)\Common Files\Intel\Shared Libraries\redist\intel64\compiler (key C:/Program Files (x86)/Common Files/Intel/Shared Libraries/redist/intel64/compiler, mtime 1654496746): 17 files, no impossibilities.
# C:\strawberry\perl\bin (key C:/strawberry/perl/bin, mtime 1655050052): 108 files, no impossibilities.
# C:\Windows (key C:/Windows, mtime 1654600285): 141 files, no impossibilities.
# C:\Program Files\Wolfram Research\WolframScript\ (key C:/Program Files/Wolfram Research/WolframScript/, mtime 1655054277): 5 files, no impossibilities.
# C:\Program Files\Go\bin (key C:/Program Files/Go/bin, mtime 1656929801): 4 files, no impossibilities.
# C:\Users\Chenjiefeng\.cargo\bin (key C:/Users/Chenjiefeng/.cargo/bin, mtime 1657130598): 14 files, no impossibilities.
# C:\Program Files\Microsoft\jdk-11.0.12.7-hotspot\bin (key C:/Program Files/Microsoft/jdk-11.0.12.7-hotspot/bin, mtime 1657262455): 127 files, no impossibilities.
# E:\Jetbrains\PhpStorm 2022.1.2\bin (key E:/Jetbrains/PhpStorm 2022.1.2/bin, mtime 1654666562): 28 files, no impossibilities.
# E:\Jetbrains\JetBrains Rider 2022.1.2\bin (key E:/Jetbrains/JetBrains Rider 2022.1.2/bin, mtime 1654666170): 33 files, no impossibilities.
# C:\Windows\System32\Wbem (key C:/Windows/System32/Wbem,  
mtime 1654416686): 182 files, no impossibilities.
# E:\Jetbrains\CLion 2022.1.2\bin (key E:/Jetbrains/CLion 2022.1.2/bin, mtime 1654664345): 36 files, no impossibilities.
# D:\jdk-20 (key D:/jdk-20, mtime 1655121743): 9 files, no impossibilities.
# C:\ProgramData\chocolatey\bin (key C:/ProgramData/chocolatey/bin, mtime 1655123103): 11 files, no impossibilities.
# D:\Nodejs\node_modules (key D:/Nodejs/node_modules, mtime 1655127014): 12 files, no impossibilities.
# C:\Users\Chenjiefeng\AppData\Roaming\npm (k 
ey C:/Users/Chenjiefeng/AppData/Roaming/npm, mtime 1655124526): 6 files, no impossibilities.
# D:\QEMU (key D:/QEMU, mtime 1655195104): 156 files, no impossibilities.
# C:\Program Files\PlasticSCM5\server (key C:/Program Files/PlasticSCM5/server, mtime 1654321657): 494 files, no impossibilities.
# C:\Program Files\NVIDIA GPU Computing Toolkit\CUDA\v11.7\libnvvp (key C:/Program Files/NVIDIA GPU Computing Toolkit/CUDA/v11.7/libnvvp, mtime 1654330750): 14 files, no impossibilities.
# C:\Windows\system32 (key C:/Windows/system32, mtime 1657866614): 3443 files, no impossibilities.
# D:\LLVM\bin (key D:/LLVM/bin, mtime 1654328853): 120 files, no impossibilities.
# C:\Users\Chenjiefeng\AppData\Local\Microsoft\WindowsApps (key C:/Users/Chenjiefeng/AppData/Local/Microsoft/WindowsApps, mtime 1658313445): 39 files, no impossibilities.
# E:\Matlab\bin (key E:/Matlab/bin, mtime 1654498491): 21 files, no impossibilities.
# C:\Program Files (x86)\Calibre2\ (key C:/Program Files (x86)/Calibre2/, mtime 1654696531): 24 files,  
no impossibilities.
# E:\Jetbrains\IntelliJ IDEA 2022.1.2\bin (key E:/Jetbrains/IntelliJ IDEA 2022.1.2/bin, mtime 1654665999): 31 files, no impossibilities.
# C:\x86_64-12.1.0-release-posix-seh-rt_v10-rev3\mingw64\bin (key C:/x86_64-12.1.0-release-posix-seh-rt_v10-rev3/mingw64/bin, mtime 1654701465): 61 files, no impossibilities.
# C:\Program Files\dotnet\ (key C:/Program Files/dotnet/, mtime 1657672082): 13 files, no impossibilities.
# C:\Program Files (x86)\VMware\VMware Workstation\bin\ (key C:/Program Files (x86)/VMware/VMware Workstation/bin/, mtime 1654513452): 4 files, no impossibilities.
# C:\Program Files (x86)\Intel\oneAPI\compiler\latest\windows\redist\ia32_win\compiler (key C:/Program Files (x86)/Intel/oneAPI/compiler/latest/windows/redist/ia32_win/compiler, mtime 1654513972): 16 files, no impossibilities.

# 6680 files, no impossibilities in 65 directories.

# Implicit Rules

# No implicit rules.

# Files

# Not a target:
all:
#  Command line target.
#  Implicit rule search has been done.
#  File 
 does not exist.
#  File has not been updated.

# Not a target:
.SUFFIXES:
#  Implicit rule search has not been done.
#  Modification time never checked.
#  File has not been updated.

# Not a target:
Makefile:
#  Implicit rule search has been done.
#  File does not exist.
#  File has been updated.
#  Failed to be updated.

# Not a target:
makefile:
#  Implicit rule search has been done.
#  File does not exist.
#  File has been updated.
#  Failed to be updated.

# Not a target:
.DEFAULT:
#  Implicit rule search has not been done.
#  Modification time never checked.
#  File has not been updated.

# Not a target:
GNUmakefile:
#  Implicit rule search has been done.
#  File does not exist.
#  File has been updated.
#  Failed to be updated.

# files hash-table stats:
# Load=6/1024=1%, Rehash=0, Collisions=0/15=0%
# VPATH Search Paths

# No 'vpath' search paths.

# No general ('VPATH' variable) search path.

# strcache buffers: 13 (12) / strings = 6072 / storage = 101263 B / avg = 16 B
# current buf: size = 8174 B  
make.exe: *** No rule to make target 'all'.  Stop.

/ used = 3329 B / count = 229 / avg = 14 B
# other used: total = 93089 B / count = 5843 / avg = 15 B
# other free: total = 154 B / max = 21 B / min = 6 B / avg = 12 B

# strcache performance: lookups = 6753 / hit rate = 10%
# hash-table stats:
# Load=6072/8192=74%, Rehash=0, Collisions=5864/6753=87%
# Finished Make data base on Fri Jul 22 18:08:35 2022

 
